[03/Sep/2020:20:27:47] (I): WordPress Instance Info:
[03/Sep/2020:20:27:47] (I): Home URL : http://localhost/foodies
[03/Sep/2020:20:27:47] (I): Site URL : http://localhost/foodies
[03/Sep/2020:20:27:47] (I): WordPress Version : 5.5.1
[03/Sep/2020:20:27:47] (I): Onboarding Version : 1.0.9
[03/Sep/2020:20:27:47] (I): Multisite : No
[03/Sep/2020:20:27:47] (I): Server Info : Apache/2.4.43 (Win64) OpenSSL/1.1.1g PHP/7.4.6
[03/Sep/2020:20:27:47] (I): PHP Version : 7.4.6
[03/Sep/2020:20:27:47] (I): HTTPS : No
[03/Sep/2020:20:27:47] (I): PHP Max Execution Time : 120
[03/Sep/2020:20:27:47] (I): PHP Max Input Vars : 1000
[03/Sep/2020:20:27:47] (I): Max Upload Size : 41943040
[03/Sep/2020:20:27:47] (I): Plugins:
[03/Sep/2020:20:27:47] (I): [PLUGIN] Advanced Custom Fields : v5.9.0 (Elliot Condon)
[03/Sep/2020:20:27:47] (I): [PLUGIN] Custom Post Type UI : v1.8.0 (WebDevStudios)
[03/Sep/2020:20:27:47] (I): [PLUGIN] Elementor : v3.0.5 (Elementor.com)
[03/Sep/2020:20:27:47] (I): [PLUGIN] Templates Patterns Collection : v1.0.9 (ThemeIsle)
[03/Sep/2020:20:27:47] (I): [PLUGIN] Orbit Fox Companion : v2.9.17 (Themeisle)
[03/Sep/2020:20:27:47] (P): Saving remote XML
[03/Sep/2020:20:27:51] (S): Saved remote XML at path C:\xampp\htdocs\foodies/wp-content/uploads/themeisle-demo-import.xml.
[03/Sep/2020:20:27:51] (P): Starting content import...
[03/Sep/2020:20:27:51] (S): Import started.
[03/Sep/2020:20:27:51] (S): Parsing XML file.
[03/Sep/2020:20:27:51] (P): Starting parsing file:C:\xampp\htdocs\foodies/wp-content/uploads/themeisle-demo-import.xml
[03/Sep/2020:20:27:51] (P): Using WXR_Parser_SimpleXML...
[03/Sep/2020:20:27:51] (S): Parsed XML
[03/Sep/2020:20:27:51] (P): Processing categories...
[03/Sep/2020:20:27:51] (S): Processed categories.
[03/Sep/2020:20:27:51] (P): Processing tags...
[03/Sep/2020:20:27:51] (S): No tags to process.
[03/Sep/2020:20:27:51] (P): Processing terms...
[03/Sep/2020:20:27:52] (S): Processed terms.
[03/Sep/2020:20:27:52] (P): Processing posts...
[03/Sep/2020:20:27:52] (P): Processing attachment: https://s33834.pcdn.co/rokophoto/wp-content/uploads/sites/216/2019/08/logo.png...
[03/Sep/2020:20:27:52] (P): Fetching attachment from url: https://s33834.pcdn.co/rokophoto/wp-content/uploads/sites/216/2019/08/logo.png...
[03/Sep/2020:20:27:53] (S): Fetched remote attachment.
[03/Sep/2020:20:27:53] (P): Inserting attachment...
[03/Sep/2020:20:27:53] (S): Attachment inserted
[03/Sep/2020:20:27:53] (S): Processed attachment.
[03/Sep/2020:20:27:53] (P): Processing attachment: https://s33834.pcdn.co/rokophoto/wp-content/uploads/sites/216/2019/08/neve-rokophoto-1.png...
[03/Sep/2020:20:27:53] (P): Fetching attachment from url: https://s33834.pcdn.co/rokophoto/wp-content/uploads/sites/216/2019/08/neve-rokophoto-1.png...
[03/Sep/2020:20:27:57] (S): Fetched remote attachment.
[03/Sep/2020:20:27:57] (P): Inserting attachment...
[03/Sep/2020:20:27:57] (S): Attachment inserted
[03/Sep/2020:20:27:57] (S): Processed attachment.
[03/Sep/2020:20:27:57] (P): Processing attachment: https://s33834.pcdn.co/rokophoto/wp-content/uploads/sites/216/2019/08/neve-rokophoto-2.png...
[03/Sep/2020:20:27:57] (P): Fetching attachment from url: https://s33834.pcdn.co/rokophoto/wp-content/uploads/sites/216/2019/08/neve-rokophoto-2.png...
[03/Sep/2020:20:28:00] (S): Fetched remote attachment.
[03/Sep/2020:20:28:00] (P): Inserting attachment...
[03/Sep/2020:20:28:00] (S): Attachment inserted
[03/Sep/2020:20:28:00] (S): Processed attachment.
[03/Sep/2020:20:28:00] (P): Processing attachment: https://s33834.pcdn.co/rokophoto/wp-content/uploads/sites/216/2019/08/neve-rokophoto-3.png...
[03/Sep/2020:20:28:00] (P): Fetching attachment from url: https://s33834.pcdn.co/rokophoto/wp-content/uploads/sites/216/2019/08/neve-rokophoto-3.png...
[03/Sep/2020:20:28:03] (S): Fetched remote attachment.
[03/Sep/2020:20:28:03] (P): Inserting attachment...
[03/Sep/2020:20:28:03] (S): Attachment inserted
[03/Sep/2020:20:28:03] (S): Processed attachment.
[03/Sep/2020:20:28:03] (P): Processing attachment: https://s33834.pcdn.co/rokophoto/wp-content/uploads/sites/216/2019/08/neve-rokophoto-4.png...
[03/Sep/2020:20:28:03] (P): Fetching attachment from url: https://s33834.pcdn.co/rokophoto/wp-content/uploads/sites/216/2019/08/neve-rokophoto-4.png...
[03/Sep/2020:20:28:05] (S): Fetched remote attachment.
[03/Sep/2020:20:28:05] (P): Inserting attachment...
[03/Sep/2020:20:28:06] (S): Attachment inserted
[03/Sep/2020:20:28:06] (S): Processed attachment.
[03/Sep/2020:20:28:06] (P): Processing attachment: https://s33834.pcdn.co/rokophoto/wp-content/uploads/sites/216/2019/08/neve-rokophoto-5.png...
[03/Sep/2020:20:28:06] (P): Fetching attachment from url: https://s33834.pcdn.co/rokophoto/wp-content/uploads/sites/216/2019/08/neve-rokophoto-5.png...
[03/Sep/2020:20:28:08] (S): Fetched remote attachment.
[03/Sep/2020:20:28:08] (P): Inserting attachment...
[03/Sep/2020:20:28:08] (S): Attachment inserted
[03/Sep/2020:20:28:08] (S): Processed attachment.
[03/Sep/2020:20:28:08] (P): Processing attachment: https://s33834.pcdn.co/rokophoto/wp-content/uploads/sites/216/2019/08/neve-rokophoto-6.png...
[03/Sep/2020:20:28:08] (P): Fetching attachment from url: https://s33834.pcdn.co/rokophoto/wp-content/uploads/sites/216/2019/08/neve-rokophoto-6.png...
[03/Sep/2020:20:28:08] (S): Fetched remote attachment.
[03/Sep/2020:20:28:08] (P): Inserting attachment...
[03/Sep/2020:20:28:08] (S): Attachment inserted
[03/Sep/2020:20:28:09] (S): Processed attachment.
[03/Sep/2020:20:28:09] (P): Processing attachment: https://s33834.pcdn.co/rokophoto/wp-content/uploads/sites/216/2019/08/neve-rokophoto.png...
[03/Sep/2020:20:28:09] (P): Fetching attachment from url: https://s33834.pcdn.co/rokophoto/wp-content/uploads/sites/216/2019/08/neve-rokophoto.png...
[03/Sep/2020:20:28:14] (S): Fetched remote attachment.
[03/Sep/2020:20:28:14] (P): Inserting attachment...
[03/Sep/2020:20:28:14] (S): Attachment inserted
[03/Sep/2020:20:28:14] (S): Processed attachment.
[03/Sep/2020:20:28:14] (P): Processing attachment: https://s33834.pcdn.co/rokophoto/wp-content/uploads/sites/216/2019/08/neve-rokophoto-7.jpg...
[03/Sep/2020:20:28:14] (P): Fetching attachment from url: https://s33834.pcdn.co/rokophoto/wp-content/uploads/sites/216/2019/08/neve-rokophoto-7.jpg...
[03/Sep/2020:20:28:16] (S): Fetched remote attachment.
[03/Sep/2020:20:28:16] (P): Inserting attachment...
[03/Sep/2020:20:28:16] (S): Attachment inserted
[03/Sep/2020:20:28:16] (S): Processed attachment.
[03/Sep/2020:20:28:16] (P): Processing attachment: https://s33834.pcdn.co/rokophoto/wp-content/uploads/sites/216/2019/08/neve-rokophoto.jpg...
[03/Sep/2020:20:28:16] (P): Fetching attachment from url: https://s33834.pcdn.co/rokophoto/wp-content/uploads/sites/216/2019/08/neve-rokophoto.jpg...
[03/Sep/2020:20:28:18] (S): Fetched remote attachment.
[03/Sep/2020:20:28:18] (P): Inserting attachment...
[03/Sep/2020:20:28:18] (S): Attachment inserted
[03/Sep/2020:20:28:18] (S): Processed attachment.
[03/Sep/2020:20:28:18] (P): Processing attachment: https://s33834.pcdn.co/rokophoto/wp-content/uploads/sites/216/2019/08/neve-rokophoto-1.jpg...
[03/Sep/2020:20:28:18] (P): Fetching attachment from url: https://s33834.pcdn.co/rokophoto/wp-content/uploads/sites/216/2019/08/neve-rokophoto-1.jpg...
[03/Sep/2020:20:28:20] (S): Fetched remote attachment.
[03/Sep/2020:20:28:20] (P): Inserting attachment...
[03/Sep/2020:20:28:20] (S): Attachment inserted
[03/Sep/2020:20:28:20] (S): Processed attachment.
[03/Sep/2020:20:28:20] (P): Processing attachment: https://s33834.pcdn.co/rokophoto/wp-content/uploads/sites/216/2019/08/neve-rokophoto-2.jpg...
[03/Sep/2020:20:28:20] (P): Fetching attachment from url: https://s33834.pcdn.co/rokophoto/wp-content/uploads/sites/216/2019/08/neve-rokophoto-2.jpg...
[03/Sep/2020:20:28:20] (S): Fetched remote attachment.
[03/Sep/2020:20:28:20] (P): Inserting attachment...
[03/Sep/2020:20:28:20] (S): Attachment inserted
[03/Sep/2020:20:28:20] (S): Processed attachment.
[03/Sep/2020:20:28:20] (P): Processing attachment: https://s33834.pcdn.co/rokophoto/wp-content/uploads/sites/216/2019/08/neve-rokophoto-3.jpg...
[03/Sep/2020:20:28:20] (P): Fetching attachment from url: https://s33834.pcdn.co/rokophoto/wp-content/uploads/sites/216/2019/08/neve-rokophoto-3.jpg...
[03/Sep/2020:20:28:21] (S): Fetched remote attachment.
[03/Sep/2020:20:28:21] (P): Inserting attachment...
[03/Sep/2020:20:28:21] (S): Attachment inserted
[03/Sep/2020:20:28:22] (S): Processed attachment.
[03/Sep/2020:20:28:22] (P): Processing attachment: https://s33834.pcdn.co/rokophoto/wp-content/uploads/sites/216/2019/08/neve-rokophoto-4.jpg...
[03/Sep/2020:20:28:22] (P): Fetching attachment from url: https://s33834.pcdn.co/rokophoto/wp-content/uploads/sites/216/2019/08/neve-rokophoto-4.jpg...
[03/Sep/2020:20:28:22] (S): Fetched remote attachment.
[03/Sep/2020:20:28:22] (P): Inserting attachment...
[03/Sep/2020:20:28:22] (S): Attachment inserted
[03/Sep/2020:20:28:22] (S): Processed attachment.
[03/Sep/2020:20:28:22] (P): Processing attachment: https://s33834.pcdn.co/rokophoto/wp-content/uploads/sites/216/2019/08/neve-rokophoto-5.jpg...
[03/Sep/2020:20:28:22] (P): Fetching attachment from url: https://s33834.pcdn.co/rokophoto/wp-content/uploads/sites/216/2019/08/neve-rokophoto-5.jpg...
[03/Sep/2020:20:28:23] (S): Fetched remote attachment.
[03/Sep/2020:20:28:23] (P): Inserting attachment...
[03/Sep/2020:20:28:23] (S): Attachment inserted
[03/Sep/2020:20:28:23] (S): Processed attachment.
[03/Sep/2020:20:28:23] (P): Processing attachment: https://s33834.pcdn.co/rokophoto/wp-content/uploads/sites/216/2019/08/neve-rokophoto-11.jpg...
[03/Sep/2020:20:28:23] (P): Fetching attachment from url: https://s33834.pcdn.co/rokophoto/wp-content/uploads/sites/216/2019/08/neve-rokophoto-11.jpg...
[03/Sep/2020:20:28:24] (S): Fetched remote attachment.
[03/Sep/2020:20:28:24] (P): Inserting attachment...
[03/Sep/2020:20:28:24] (S): Attachment inserted
[03/Sep/2020:20:28:24] (S): Processed attachment.
[03/Sep/2020:20:28:24] (P): Processing attachment: https://s33834.pcdn.co/rokophoto/wp-content/uploads/sites/216/2019/08/neve-rokophoto-12.jpg...
[03/Sep/2020:20:28:24] (P): Fetching attachment from url: https://s33834.pcdn.co/rokophoto/wp-content/uploads/sites/216/2019/08/neve-rokophoto-12.jpg...
[03/Sep/2020:20:28:25] (S): Fetched remote attachment.
[03/Sep/2020:20:28:25] (P): Inserting attachment...
[03/Sep/2020:20:28:25] (S): Attachment inserted
[03/Sep/2020:20:28:25] (S): Processed attachment.
[03/Sep/2020:20:28:25] (P): Processing attachment: https://s33834.pcdn.co/rokophoto/wp-content/uploads/sites/216/2019/08/neve-rokophoto-13.jpg...
[03/Sep/2020:20:28:25] (P): Fetching attachment from url: https://s33834.pcdn.co/rokophoto/wp-content/uploads/sites/216/2019/08/neve-rokophoto-13.jpg...
[03/Sep/2020:20:28:27] (S): Fetched remote attachment.
[03/Sep/2020:20:28:27] (P): Inserting attachment...
[03/Sep/2020:20:28:27] (S): Attachment inserted
[03/Sep/2020:20:28:27] (S): Processed attachment.
[03/Sep/2020:20:28:27] (P): Processing attachment: https://s33834.pcdn.co/rokophoto/wp-content/uploads/sites/216/2019/08/neve-rokophoto-14.jpg...
[03/Sep/2020:20:28:27] (P): Fetching attachment from url: https://s33834.pcdn.co/rokophoto/wp-content/uploads/sites/216/2019/08/neve-rokophoto-14.jpg...
[03/Sep/2020:20:28:28] (S): Fetched remote attachment.
[03/Sep/2020:20:28:28] (P): Inserting attachment...
[03/Sep/2020:20:28:28] (S): Attachment inserted
[03/Sep/2020:20:28:28] (S): Processed attachment.
[03/Sep/2020:20:28:28] (P): Processing attachment: https://s33834.pcdn.co/rokophoto/wp-content/uploads/sites/216/2019/08/neve-rokophoto-logo-white.png...
[03/Sep/2020:20:28:28] (P): Fetching attachment from url: https://s33834.pcdn.co/rokophoto/wp-content/uploads/sites/216/2019/08/neve-rokophoto-logo-white.png...
[03/Sep/2020:20:28:28] (S): Fetched remote attachment.
[03/Sep/2020:20:28:28] (P): Inserting attachment...
[03/Sep/2020:20:28:28] (S): Attachment inserted
[03/Sep/2020:20:28:28] (S): Processed attachment.
[03/Sep/2020:20:28:28] (P): Inserting post: Using a 35mm lens for a month .
[03/Sep/2020:20:28:29] (S): Done inserting post: Using a 35mm lens for a month .
[03/Sep/2020:20:28:30] (P): Inserting page: Blog .
[03/Sep/2020:20:28:30] (S): Done inserting page: Blog .
[03/Sep/2020:20:28:30] (P): Inserting post: How important is contrast in photography .
[03/Sep/2020:20:28:30] (S): Done inserting post: How important is contrast in photography .
[03/Sep/2020:20:28:30] (P): Inserting post: RokoPhoto Photography workshop in July .
[03/Sep/2020:20:28:30] (S): Done inserting post: RokoPhoto Photography workshop in July .
[03/Sep/2020:20:28:31] (P): Inserting page: Home .
[03/Sep/2020:20:28:31] (S): Done inserting page: Home .
[03/Sep/2020:20:28:31] (P): Filtering elementor meta...
[03/Sep/2020:20:28:31] (S): Filtered elementor meta.
[03/Sep/2020:20:28:31] (P): Inserting page: Contact .
[03/Sep/2020:20:28:31] (S): Done inserting page: Contact .
[03/Sep/2020:20:28:31] (P): Filtering elementor meta...
[03/Sep/2020:20:28:31] (S): Filtered elementor meta.
[03/Sep/2020:20:28:32] (P): Inserting page: About .
[03/Sep/2020:20:28:32] (S): Done inserting page: About .
[03/Sep/2020:20:28:32] (P): Filtering elementor meta...
[03/Sep/2020:20:28:32] (S): Filtered elementor meta.
[03/Sep/2020:20:28:32] (P): Inserting page: Portfolio .
[03/Sep/2020:20:28:32] (S): Done inserting page: Portfolio .
[03/Sep/2020:20:28:33] (P): Filtering elementor meta...
[03/Sep/2020:20:28:33] (S): Filtered elementor meta.
[03/Sep/2020:20:28:33] (P): Processing single menu item ' '...
[03/Sep/2020:20:28:33] (S): Processed single menu item.
[03/Sep/2020:20:28:33] (P): Processing single menu item ' '...
[03/Sep/2020:20:28:33] (S): Processed single menu item.
[03/Sep/2020:20:28:33] (P): Processing single menu item ' '...
[03/Sep/2020:20:28:34] (S): Processed single menu item.
[03/Sep/2020:20:28:34] (P): Processing single menu item ' '...
[03/Sep/2020:20:28:34] (S): Processed single menu item.
[03/Sep/2020:20:28:34] (P): Processing single menu item ' '...
[03/Sep/2020:20:28:34] (S): Processed single menu item.
[03/Sep/2020:20:28:34] (P): Inserting page: Project details .
[03/Sep/2020:20:28:34] (S): Done inserting page: Project details .
[03/Sep/2020:20:28:34] (P): Filtering elementor meta...
[03/Sep/2020:20:28:34] (S): Filtered elementor meta.
[03/Sep/2020:20:28:34] (P): Inserting page: Photo event .
[03/Sep/2020:20:28:35] (S): Done inserting page: Photo event .
[03/Sep/2020:20:28:35] (P): Filtering elementor meta...
[03/Sep/2020:20:28:35] (S): Filtered elementor meta.
[03/Sep/2020:20:28:35] (P): Processing single menu item ' '...
[03/Sep/2020:20:28:35] (S): Processed single menu item.
[03/Sep/2020:20:28:35] (P): Processing single menu item ' '...
[03/Sep/2020:20:28:36] (S): Processed single menu item.
[03/Sep/2020:20:28:36] (P): Processing attachment: https://s33834.pcdn.co/rokophoto/wp-content/uploads/sites/216/2019/08/neve-rokophoto-logo-b.png...
[03/Sep/2020:20:28:36] (P): Fetching attachment from url: https://s33834.pcdn.co/rokophoto/wp-content/uploads/sites/216/2019/08/neve-rokophoto-logo-b.png...
[03/Sep/2020:20:28:37] (S): Fetched remote attachment.
[03/Sep/2020:20:28:37] (P): Inserting attachment...
[03/Sep/2020:20:28:37] (S): Attachment inserted
[03/Sep/2020:20:28:37] (S): Processed attachment.
[03/Sep/2020:20:28:37] (S): Processed posts.
[03/Sep/2020:20:28:38] (P): Cleaning up import with id ...
[03/Sep/2020:20:28:38] (P): Done cleanup. Flushing cache...
[03/Sep/2020:20:28:38] (P): Flushed cache. Removing temporary data..
[03/Sep/2020:20:28:39] (S): Done importing
[03/Sep/2020:20:28:39] (P): Busting elementor cache
[03/Sep/2020:20:28:39] (S): Front page set up with id: 9.
